{"timestamp":"2026-01-11T11:48:52.009Z","level":"INFO","userId":502105220,"action":"appointment_created","details":{"appointmentId":"A_mk9o7sj8_mhvruz","service":"Комплекс (мужская стрижка + оформление бороды)","date":"2026-01-12","timeStart":"10:00","timeEnd":"11:30"},"result":"success"}
{"timestamp":"2026-01-11T11:49:31.627Z","level":"ADMIN","userId":502105220,"action":"admin_mode_enabled","details":{},"result":"success"}
{"timestamp":"2026-01-11T11:57:21.795Z","level":"ADMIN","userId":502105220,"action":"admin_mode_enabled","details":{},"result":"success"}
{"timestamp":"2026-01-11T12:00:53.130Z","level":"ADMIN","userId":502105220,"action":"admin_mode_enabled","details":{},"result":"success"}
{"timestamp":"2026-01-11T12:01:53.397Z","level":"CRITICAL","userId":502105220,"action":"admin_cancel_booking_by_code","details":{"appointmentId":"A_mk9o7sj8_mhvruz","cancelCode":"2A5L65","clientTelegramId":"502105220","date":"2026-01-12","time":"10:00"},"result":"success"}
{"timestamp":"2026-01-11T12:05:57.213Z","level":"ADMIN","userId":502105220,"action":"admin_mode_enabled","details":{},"result":"success"}
{"timestamp":"2026-01-11T18:43:50.963Z","level":"INFO","userId":502105220,"action":"appointment_created","details":{"appointmentId":"A_mka31hes_nyuuyw","service":"Комплекс (мужская стрижка + оформление бороды)","date":"2026-01-12","timeStart":"14:00","timeEnd":"15:30"},"result":"success"}
{"timestamp":"2026-01-11T18:43:58.470Z","level":"ADMIN","userId":502105220,"action":"admin_mode_enabled","details":{},"result":"success"}
{"timestamp":"2026-01-11T18:59:33.635Z","level":"INFO","userId":502105220,"action":"appointment_created","details":{"appointmentId":"A_mka3loc8_7soskw","service":"Стрижка под машинку","date":"2026-01-12","timeStart":"17:30","timeEnd":"18:00"},"result":"success"}
{"timestamp":"2026-01-11T19:00:19.998Z","level":"INFO","userId":502105220,"action":"appointment_created","details":{"appointmentId":"A_mka3mohi_sr43bg","service":"Мужская стрижка","date":"2026-01-14","timeStart":"17:15","timeEnd":"18:15"},"result":"success"}
{"timestamp":"2026-01-11T19:00:58.952Z","level":"INFO","userId":502105220,"action":"appointment_created","details":{"appointmentId":"A_mka3nile_a40p3y","service":"Мужская стрижка","date":"2026-01-23","timeStart":"17:30","timeEnd":"18:30"},"result":"success"}
{"timestamp":"2026-01-11T19:01:39.362Z","level":"ADMIN","userId":502105220,"action":"admin_mode_enabled","details":{},"result":"success"}
{"timestamp":"2026-01-12T18:46:26.734Z","level":"INFO","userId":502105220,"action":"appointment_created","details":{"appointmentId":"A_mkbiko6r_2ttto5","service":"Стрижка под машинку","date":"2026-01-22","timeStart":"17:45","timeEnd":"18:15"},"result":"success"}
{"timestamp":"2026-01-12T18:46:52.468Z","level":"INFO","userId":502105220,"action":"appointment_created","details":{"appointmentId":"A_mkbil82t_j4aslf","service":"Стрижка под машинку","date":"2026-01-23","timeStart":"16:30","timeEnd":"17:00"},"result":"success"}
{"timestamp":"2026-01-12T19:05:16.534Z","level":"INFO","userId":502105220,"action":"appointment_created","details":{"appointmentId":"A_mkbj8vme_0e0tod","service":"Стрижка под машинку","date":"2026-01-31","timeStart":"20:00","timeEnd":"20:30"},"result":"success"}
{"timestamp":"2026-01-12T19:08:11.650Z","level":"INFO","userId":502105220,"action":"appointment_creation_failed","details":{"reason":"limit_exceeded","serviceKey":"BEARD","dateStr":"2026-01-22","timeStr":"18:30"},"result":"failed"}
{"timestamp":"2026-01-12T19:16:13.573Z","level":"INFO","userId":502105220,"action":"appointment_creation_failed","details":{"reason":"limit_exceeded","serviceKey":"BUZZCUT","dateStr":"2026-01-30","timeStr":"20:00"},"result":"failed"}
{"timestamp":"2026-01-12T19:19:30.711Z","level":"INFO","userId":502105220,"action":"appointment_creation_failed","details":{"reason":"limit_exceeded","serviceKey":"BUZZCUT","dateStr":"2026-01-29","timeStr":"20:00"},"result":"failed"}
{"timestamp":"2026-01-12T19:19:39.694Z","level":"ADMIN","userId":502105220,"action":"admin_mode_enabled","details":{},"result":"success"}
{"timestamp":"2026-01-12T19:43:56.294Z","level":"ADMIN","userId":502105220,"action":"admin_mode_enabled","details":{},"result":"success"}
{"timestamp":"2026-01-12T19:44:22.823Z","level":"ADMIN","userId":502105220,"action":"admin_mode_enabled","details":{},"result":"success"}
{"timestamp":"2026-01-12T19:47:54.432Z","level":"INFO","userId":502105220,"action":"appointment_created","details":{"appointmentId":"A_mkbkrppd_pxx2nl","service":"Стрижка под машинку","date":"2026-01-22","timeStart":"20:00","timeEnd":"20:30"},"result":"success"}
{"timestamp":"2026-01-12T20:13:15.935Z","level":"INFO","userId":502105220,"action":"appointment_created","details":{"appointmentId":"A_mkblo9pj_2zodaj","service":"Мужская стрижка","date":"2026-01-13","timeStart":"09:00","timeEnd":"10:00"},"result":"success"}
{"timestamp":"2026-01-12T20:14:55.034Z","level":"INFO","userId":502105220,"action":"appointment_created","details":{"appointmentId":"A_mkblqf2m_blgpf4","service":"Комплекс (мужская стрижка + оформление бороды)","date":"2026-01-13","timeStart":"10:00","timeEnd":"11:30"},"result":"success"}
{"timestamp":"2026-01-12T20:15:27.993Z","level":"INFO","userId":502105220,"action":"appointment_creation_failed","details":{"reason":"limit_exceeded","serviceKey":"MEN_HAIRCUT","dateStr":"2026-01-13","timeStr":"11:30"},"result":"failed"}
{"timestamp":"2026-01-12T20:18:11.271Z","level":"ADMIN","userId":502105220,"action":"admin_mode_enabled","details":{},"result":"success"}
